Host: localhost
Port: 8080
User Count: 1
Think Time: 0.100000 ms
Test Duration: 10 s
Testing ...
Done with 1 users

    
Host: localhost
Port: 8080
User Count: 2
Think Time: 0.100000 ms
Test Duration: 10 s
Testing ...
Done with 2 users

    
Host: localhost
Port: 8080
User Count: 3
Think Time: 0.100000 ms
Test Duration: 10 s
Testing ...
Done with 3 users

    
Host: localhost
Port: 8080
User Count: 4
Think Time: 0.100000 ms
Test Duration: 10 s
Testing ...
Done with 4 users

    
Host: localhost
Port: 8080
User Count: 5
Think Time: 0.100000 ms
Test Duration: 10 s
Testing ...
Done with 5 users

    
Host: localhost
Port: 8080
User Count: 6
Think Time: 0.100000 ms
Test Duration: 10 s
Testing ...
Done with 6 users

    
Host: localhost
Port: 8080
User Count: 7
Think Time: 0.100000 ms
Test Duration: 10 s
Testing ...
Done with 7 users

    
Host: localhost
Port: 8080
User Count: 8
Think Time: 0.100000 ms
Test Duration: 10 s
Testing ...
Done with 8 users

    
Host: localhost
Port: 8080
User Count: 9
Think Time: 0.100000 ms
Test Duration: 10 s
Testing ...
Done with 9 users

    
Host: localhost
Port: 8080
User Count: 10
Think Time: 0.100000 ms
Test Duration: 10 s
Testing ...
Done with 10 users

    
Host: localhost
Port: 8080
User Count: 1
Think Time: 0.100000 ms
Test Duration: 10 s
Testing ...
Done with 1 users

    
Host: localhost
Port: 8080
User Count: 2
Think Time: 0.100000 ms
Test Duration: 10 s
Testing ...
Done with 2 users

    
Host: localhost
Port: 8080
User Count: 3
Think Time: 0.100000 ms
Test Duration: 10 s
Testing ...
Done with 3 users

    
Host: localhost
Port: 8080
User Count: 4
Think Time: 0.100000 ms
Test Duration: 10 s
Testing ...
Done with 4 users

    
Host: localhost
Port: 8080
User Count: 5
Think Time: 0.100000 ms
Test Duration: 10 s
Testing ...
Done with 5 users

    
Host: localhost
Port: 8080
User Count: 6
Think Time: 0.100000 ms
Test Duration: 10 s
Testing ...
Done with 6 users

    
Host: localhost
Port: 8080
User Count: 7
Think Time: 0.100000 ms
Test Duration: 10 s
Testing ...
Done with 7 users

    
Host: localhost
Port: 8080
User Count: 8
Think Time: 0.100000 ms
Test Duration: 10 s
Testing ...
Done with 8 users

    
Host: localhost
Port: 8080
User Count: 9
Think Time: 0.100000 ms
Test Duration: 10 s
Testing ...
Done with 9 users

    
Host: localhost
Port: 8080
User Count: 10
Think Time: 0.100000 ms
Test Duration: 10 s
Testing ...
Done with 10 users

    
Host: localhost
Port: 8080
User Count: 1
Think Time: 0.100000 ms
Test Duration: 10 s
Testing ...
Done with 1 users

    
Host: localhost
Port: 8080
User Count: 2
Think Time: 0.100000 ms
Test Duration: 10 s
Testing ...
Done with 2 users

    
Host: localhost
Port: 8080
User Count: 3
Think Time: 0.100000 ms
Test Duration: 10 s
Testing ...
Done with 3 users

    
Host: localhost
Port: 8080
User Count: 4
Think Time: 0.100000 ms
Test Duration: 10 s
Testing ...
Done with 4 users

    
Host: localhost
Port: 8080
User Count: 5
Think Time: 0.100000 ms
Test Duration: 10 s
Testing ...
Done with 5 users

    
Host: localhost
Port: 8080
User Count: 6
Think Time: 0.100000 ms
Test Duration: 10 s
Testing ...
Done with 6 users

    
Host: localhost
Port: 8080
User Count: 7
Think Time: 0.100000 ms
Test Duration: 10 s
Testing ...
Done with 7 users

    
Host: localhost
Port: 8080
User Count: 8
Think Time: 0.100000 ms
Test Duration: 10 s
Testing ...
Done with 8 users

    
Host: localhost
Port: 8080
User Count: 9
Think Time: 0.100000 ms
Test Duration: 10 s
Testing ...
Done with 9 users

    
Host: localhost
Port: 8080
User Count: 10
Think Time: 0.100000 ms
Test Duration: 10 s
Testing ...
Done with 10 users

    
Host: localhost
Port: 8080
User Count: 1
Think Time: 0.100000 ms
Test Duration: 10 s
Testing ...
Done with 1 users

    
Host: localhost
Port: 8080
User Count: 2
Think Time: 0.100000 ms
Test Duration: 10 s
Testing ...
Done with 2 users

    
Host: localhost
Port: 8080
User Count: 3
Think Time: 0.100000 ms
Test Duration: 10 s
Testing ...
Done with 3 users

    
Host: localhost
Port: 8080
User Count: 4
Think Time: 0.100000 ms
Test Duration: 10 s
Testing ...
Done with 4 users

    
Host: localhost
Port: 8080
User Count: 5
Think Time: 0.100000 ms
Test Duration: 10 s
Testing ...
Done with 5 users

    
Host: localhost
Port: 8080
User Count: 6
Think Time: 0.100000 ms
Test Duration: 10 s
Testing ...
Done with 6 users

    
Host: localhost
Port: 8080
User Count: 7
Think Time: 0.100000 ms
Test Duration: 10 s
Testing ...
Done with 7 users

    
Host: localhost
Port: 8080
User Count: 8
Think Time: 0.100000 ms
Test Duration: 10 s
Testing ...
Done with 8 users

    
Host: localhost
Port: 8080
User Count: 9
Think Time: 0.100000 ms
Test Duration: 10 s
Testing ...
Done with 9 users

    
Host: localhost
Port: 8080
User Count: 10
Think Time: 0.100000 ms
Test Duration: 10 s
Testing ...
Done with 10 users

    
Host: localhost
Port: 8080
User Count: 1
Think Time: 0.100000 ms
Test Duration: 10 s
Testing ...
Thread sent 25341 requests. Total bytes received: 546


Total requests: 25341
Total response time: 4.581762
Average Throughput: 2534.100098 req/s
Average Response Time: 0.180804 ms
Done with 1 users

    
Host: localhost
Port: 8080
User Count: 2
Think Time: 0.100000 ms
Test Duration: 10 s
Testing ...
Thread sent 31585 requests. Total bytes received: 546
Thread sent 31615 requests. Total bytes received: 546


Total requests: 63200
Total response time: 7.635842
Average Throughput: 6320.000000 req/s
Average Response Time: 0.120820 ms
Done with 2 users

    
Host: localhost
Port: 8080
User Count: 3
Think Time: 0.100000 ms
Test Duration: 10 s
Testing ...
Thread sent 35076 requests. Total bytes received: 546
Thread sent 35066 requests. Total bytes received: 546
Thread sent 35100 requests. Total bytes received: 546


Total requests: 105242
Total response time: 9.924116
Average Throughput: 10524.200195 req/s
Average Response Time: 0.094298 ms
Done with 3 users

    
Host: localhost
Port: 8080
User Count: 4
Think Time: 0.100000 ms
Test Duration: 10 s
Testing ...
Thread sent 35001 requests. Total bytes received: 546
Thread sent 35023 requests. Total bytes received: 546
Thread sent 35020 requests. Total bytes received: 546
Thread sent 35004 requests. Total bytes received: 546


Total requests: 140048
Total response time: 13.196104
Average Throughput: 14004.799805 req/s
Average Response Time: 0.094226 ms
Done with 4 users

    
Host: localhost
Port: 8080
User Count: 5
Think Time: 0.100000 ms
Test Duration: 10 s
Testing ...
Thread sent 33462 requests. Total bytes received: 546
Thread sent 33457 requests. Total bytes received: 546
Thread sent 33476 requests. Total bytes received: 546
Thread sent 33484 requests. Total bytes received: 546
Thread sent 33486 requests. Total bytes received: 546


Total requests: 167365
Total response time: 17.285149
Average Throughput: 16736.500000 req/s
Average Response Time: 0.103278 ms
Done with 5 users

    
Host: localhost
Port: 8080
User Count: 6
Think Time: 0.100000 ms
Test Duration: 10 s
Testing ...
Thread sent 29587 requests. Total bytes received: 546
Thread sent 32677 requests. Total bytes received: 546
Thread sent 32691 requests. Total bytes received: 546
Thread sent 32712 requests. Total bytes received: 546
Thread sent 32675 requests. Total bytes received: 546
Thread sent 32690 requests. Total bytes received: 546


Total requests: 193032
Total response time: 20.698669
Average Throughput: 19303.199219 req/s
Average Response Time: 0.107229 ms
Done with 6 users

    
Host: localhost
Port: 8080
User Count: 7
Think Time: 0.100000 ms
Test Duration: 10 s
Testing ...
Thread sent 15186 requests. Total bytes received: 546
Thread sent 24561 requests. Total bytes received: 546
Thread sent 28673 requests. Total bytes received: 546
Thread sent 25298 requests. Total bytes received: 546
Thread sent 28320 requests. Total bytes received: 546
Thread sent 25244 requests. Total bytes received: 546
Thread sent 21673 requests. Total bytes received: 546


Total requests: 168955
Total response time: 19.157816
Average Throughput: 16895.500000 req/s
Average Response Time: 0.113390 ms
Done with 7 users

    
Host: localhost
Port: 8080
User Count: 8
Think Time: 0.100000 ms
Test Duration: 10 s
Testing ...
Thread sent 30391 requests. Total bytes received: 546
Thread sent 19990 requests. Total bytes received: 546
Thread sent 20863 requests. Total bytes received: 546
Thread sent 27462 requests. Total bytes received: 546
Thread sent 17280 requests. Total bytes received: 546
Thread sent 17011 requests. Total bytes received: 546
Thread sent 18060 requests. Total bytes received: 546
Thread sent 19702 requests. Total bytes received: 546


Total requests: 170759
Total response time: 21.690548
Average Throughput: 17075.900391 req/s
Average Response Time: 0.127024 ms
Done with 8 users

    
Host: localhost
Port: 8080
User Count: 9
Think Time: 0.100000 ms
Test Duration: 10 s
Testing ...
Thread sent 14030 requests. Total bytes received: 546
Thread sent 18100 requests. Total bytes received: 546
Thread sent 21431 requests. Total bytes received: 546
Thread sent 20580 requests. Total bytes received: 546
Thread sent 24463 requests. Total bytes received: 546
Thread sent 17137 requests. Total bytes received: 546
Thread sent 25752 requests. Total bytes received: 546
Thread sent 16651 requests. Total bytes received: 546
Thread sent 13581 requests. Total bytes received: 546


Total requests: 171725
Total response time: 21.311178
Average Throughput: 17172.500000 req/s
Average Response Time: 0.124101 ms
Done with 9 users

    
Host: localhost
Port: 8080
User Count: 10
Think Time: 0.100000 ms
Test Duration: 10 s
Testing ...
Thread sent 13943 requests. Total bytes received: 546
Thread sent 17536 requests. Total bytes received: 546
Thread sent 11450 requests. Total bytes received: 546
Thread sent 17340 requests. Total bytes received: 546
Thread sent 20282 requests. Total bytes received: 546
Thread sent 12424 requests. Total bytes received: 546
Thread sent 18327 requests. Total bytes received: 546
Thread sent 21531 requests. Total bytes received: 546
Thread sent 23920 requests. Total bytes received: 546
Thread sent 11045 requests. Total bytes received: 546


Total requests: 167798
Total response time: 21.835104
Average Throughput: 16779.800781 req/s
Average Response Time: 0.130127 ms
Done with 10 users

    
Host: localhost
Port: 8080
User Count: 1
Think Time: 0.100000 ms
Test Duration: 10 s
Testing ...
Done with 1 users

    
Host: localhost
Port: 8080
User Count: 2
Think Time: 0.100000 ms
Test Duration: 10 s
Testing ...
Done with 2 users

    
Host: localhost
Port: 8080
User Count: 3
Think Time: 0.100000 ms
Test Duration: 10 s
Testing ...
Done with 3 users

    
Host: localhost
Port: 8080
User Count: 4
Think Time: 0.100000 ms
Test Duration: 10 s
Testing ...
Done with 4 users

    
Host: localhost
Port: 8080
User Count: 5
Think Time: 0.100000 ms
Test Duration: 10 s
Testing ...
Done with 5 users

    
Host: localhost
Port: 8080
User Count: 6
Think Time: 0.100000 ms
Test Duration: 10 s
Testing ...
Done with 6 users

    
Host: localhost
Port: 8080
User Count: 7
Think Time: 0.100000 ms
Test Duration: 10 s
Testing ...
Done with 7 users

    
Host: localhost
Port: 8080
User Count: 8
Think Time: 0.100000 ms
Test Duration: 10 s
Testing ...
Done with 8 users

    
Host: localhost
Port: 8080
User Count: 9
Think Time: 0.100000 ms
Test Duration: 10 s
Testing ...
Done with 9 users

    
Host: localhost
Port: 8080
User Count: 10
Think Time: 0.100000 ms
Test Duration: 10 s
Testing ...
Done with 10 users

    
